#
# A fatal error has been detected by the Java Runtime Environment:
#
#  EXCEPTION_ACCESS_VIOLATION (0xc0000005) at pc=0x00007ff961c61bc5, pid=27072, tid=26836
#
# JRE version:  (19.0+36) (build )
# Java VM: Java HotSpot(TM) 64-Bit Server VM (19+36-2238, mixed mode, sharing, tiered, unknown gc, windows-amd64)
# Problematic frame:
# C  [jimage.dll+0x1bc5]
#
# No core dump will be written. Minidumps are not enabled by default on client versions of Windows
#
#

---------------  S U M M A R Y ------------

Command Line: 

Host: AMD Ryzen 5 5500U with Radeon Graphics         , 12 cores, 7G,  Windows 11 , 64 bit Build 22621 (10.0.22621.963)
Time: Mon Jan  9 19:44:12 2023 India Standard Time elapsed time: 0.015790 seconds (0d 0h 0m 0s)

---------------  T H R E A D  ---------------

Current thread is native thread

Stack: [0x0000007e32700000,0x0000007e32800000],  sp=0x0000007e327fd620,  free space=1013k
Native frames: (J=compiled Java code, j=interpreted, Vv=VM code, C=native code)
C  [jimage.dll+0x1bc5]
C  [jimage.dll+0x1d53]
C  [jimage.dll+0x2619]
V  [jvm.dll+0x225d3a]
V  [jvm.dll+0xcdf62]
V  [jvm.dll+0x801e03]
V  [jvm.dll+0x44b30f]
V  [jvm.dll+0x44cc91]
C  [jli.dll+0x5287]
C  [ucrtbase.dll+0x29363]
C  [KERNEL32.DLL+0x126bd]
C  [ntdll.dll+0x5dfb8]


siginfo: EXCEPTION_ACCESS_VIOLATION (0xc0000005), reading address 0x000000000000f488


Registers:
RAX=0x0000000000003d1b, RBX=0x0000007e327fd711, RCX=0x00007ff961c66000, RDX=0x0000000000003d1b
RSP=0x0000007e327fd620, RBP=0x0000007e327fd710, RSI=0x000000000000734d, RDI=0x0000007e327fd710
R8 =0x00007ff961c64298, R9 =0x000000000000001c, R10=0x00007ff95c8b0000, R11=0x00007ff961c66000
R12=0x0000000000000000, R13=0x0000007e327ffb40, R14=0x0000007e327fe780, R15=0x00007ff90f9027a8
RIP=0x00007ff961c61bc5, EFLAGS=0x0000000000010212


Top of Stack: (sp=0x0000007e327fd620)
0x0000007e327fd620:   00000276e1ba0b24 00000000d50005d0
0x0000007e327fd630:   00000276e1ba0b3c 00000276e1ba0af8
0x0000007e327fd640:   00000276e1e0fbe0 00007ff961c61d53
0x0000007e327fd650:   000000000000000b 00000276e1e0fbe0
0x0000007e327fd660:   00000000000006f5 00000000000006f5
0x0000007e327fd670:   00000000000006f5 00007ff974e1490a
0x0000007e327fd680:   00000276e1df37f0 00000276d50005d0
0x0000007e327fd690:   00000276e1df0000 0000007ed50005d0
0x0000007e327fd6a0:   00000000000006f5 00000276e1f60080
0x0000007e327fd6b0:   00004fc21a4ebb82 00000276e1df0150
0x0000007e327fd6c0:   00007ff90f8e26a0 0000000000000017
0x0000007e327fd6d0:   00000276e1e0fbe0 0000007e327fe780
0x0000007e327fd6e0:   000000000000000b 00007ff961c62619
0x0000007e327fd6f0:   00000276e1df0000 00007ff9d50005d0
0x0000007e327fd700:   0000000000000773 00000276e1f838a0
0x0000007e327fd710:   61622e6176616a2f 692f6b646a2f6573 

Instructions: (pc=0x00007ff961c61bc5)
0x00007ff961c61ac5:   48 85 c9 74 1d 80 3d 3f 45 00 00 00 74 06 48 8b
0x00007ff961c61ad5:   53 18 eb 04 48 8b 53 40 e8 96 0e 00 00 48 83 63
0x00007ff961c61ae5:   48 00 8b 4b 0c 83 f9 ff 74 09 e8 cc 0c 00 00 83
0x00007ff961c61af5:   4b 0c ff 48 8b 4b 70 48 85 c9 74 0f ba 10 00 00
0x00007ff961c61b05:   00 e8 ed 0e 00 00 48 83 63 70 00 48 83 c4 20 5b
0x00007ff961c61b15:   c3 cc cc 40 53 48 83 ec 20 48 8b d9 48 8d 0d f8
0x00007ff961c61b25:   46 00 00 e8 9b 0c 00 00 83 6b 08 01 75 24 48 8b
0x00007ff961c61b35:   d3 48 8d 0d db 44 00 00 e8 22 08 00 00 48 8b cb
0x00007ff961c61b45:   e8 d6 fe ff ff ba 78 00 00 00 48 8b cb e8 a1 0e
0x00007ff961c61b55:   00 00 48 8d 0d c2 46 00 00 48 83 c4 20 5b e9 68
0x00007ff961c61b65:   0c 00 00 48 89 5c 24 08 48 89 74 24 10 57 48 83
0x00007ff961c61b75:   ec 20 41 8b f1 4d 8b c8 48 8b fa 4c 8b d9 4d 85
0x00007ff961c61b85:   c0 74 78 85 f6 74 74 44 8a 12 48 8d 5a 01 48 8b
0x00007ff961c61b95:   d3 b8 93 01 00 01 eb 12 69 c0 93 01 00 01 41 0f
0x00007ff961c61ba5:   b6 ca 44 8a 12 33 c1 48 ff c2 45 84 d2 75 e9 4d
0x00007ff961c61bb5:   8b 03 0f ba f0 1f 33 d2 49 8b cb f7 f6 48 63 c2
0x00007ff961c61bc5:   41 8b 14 81 41 ff 50 08 85 c0 7e 24 8a 0f eb 10
0x00007ff961c61bd5:   69 c0 93 01 00 01 0f b6 c9 33 c1 8a 0b 48 ff c3
0x00007ff961c61be5:   84 c9 75 ec 0f ba f0 1f 33 d2 f7 f6 8b c2 eb 0e
0x00007ff961c61bf5:   79 09 83 c9 ff 2b c8 8b c1 eb 03 83 c8 ff 48 8b
0x00007ff961c61c05:   5c 24 30 48 8b 74 24 38 48 83 c4 20 5f c3 cc 48
0x00007ff961c61c15:   89 5c 24 08 48 89 74 24 10 57 48 83 ec 20 48 8b
0x00007ff961c61c25:   f1 48 8d 0d f3 45 00 00 e8 96 0b 00 00 33 ff 39
0x00007ff961c61c35:   3d de 43 00 00 76 24 48 8b 05 dd 43 00 00 48 8b
0x00007ff961c61c45:   d6 48 8b 1c f8 48 8b 0b e8 68 1e 00 00 85 c0 74
0x00007ff961c61c55:   2b ff c7 3b 3d ba 43 00 00 72 dc 33 db 48 8d 0d
0x00007ff961c61c65:   b7 45 00 00 e8 62 0b 00 00 48 8b 74 24 38 48 8b
0x00007ff961c61c75:   c3 48 8b 5c 24 30 48 83 c4 20 5f c3 ff 43 08 eb
0x00007ff961c61c85:   dc cc cc 48 89 5c 24 08 48 89 74 24 10 57 48 83
0x00007ff961c61c95:   ec 20 48 8b d9 48 8b f2 48 8b 49 10 49 8b f8 8b
0x00007ff961c61ca5:   53 30 48 8b 01 ff 50 20 4c 8b 43 50 48 8b d6 48
0x00007ff961c61cb5:   8b 4b 10 44 8b c8 e8 a8 fe ff ff 83 f8 ff 74 38 



---------------  P R O C E S S  ---------------

VM state: not at safepoint (not fully initialized)

VM Mutex/Monitor currently owned by a thread: None

GC Precious Log:
<Not initialized>


Dynamic libraries:
0x00007ff6f1e60000 - 0x00007ff6f1e70000 	C:\Program Files\Java\jdk-19\bin\java.exe
0x00007ff974dd0000 - 0x00007ff974fe4000 	C:\WINDOWS\SYSTEM32\ntdll.dll
0x00007ff974220000 - 0x00007ff9742e3000 	C:\WINDOWS\System32\KERNEL32.DLL
0x00007ff9721f0000 - 0x00007ff97258d000 	C:\WINDOWS\System32\KERNELBASE.dll
0x00007ff972760000 - 0x00007ff972871000 	C:\WINDOWS\System32\ucrtbase.dll
0x00007ff9581e0000 - 0x00007ff9581f8000 	C:\Program Files\Java\jdk-19\bin\jli.dll
0x00007ff95c8b0000 - 0x00007ff95c8cb000 	C:\Program Files\Java\jdk-19\bin\VCRUNTIME140.dll
0x00007ff973ef0000 - 0x00007ff973f9e000 	C:\WINDOWS\System32\ADVAPI32.dll
0x00007ff9748b0000 - 0x00007ff974957000 	C:\WINDOWS\System32\msvcrt.dll
0x00007ff974ce0000 - 0x00007ff974d84000 	C:\WINDOWS\System32\sechost.dll
0x00007ff974410000 - 0x00007ff974525000 	C:\WINDOWS\System32\RPCRT4.dll
0x00007ff973fa0000 - 0x00007ff97414d000 	C:\WINDOWS\System32\USER32.dll
0x00007ff9729f0000 - 0x00007ff972a16000 	C:\WINDOWS\System32\win32u.dll
0x00007ff95da90000 - 0x00007ff95dd1e000 	C:\WINDOWS\WinSxS\amd64_microsoft.windows.common-controls_6595b64144ccf1df_6.0.22621.608_none_a9444ca7c10bb01d\COMCTL32.dll
0x00007ff974780000 - 0x00007ff9747a9000 	C:\WINDOWS\System32\GDI32.dll
0x00007ff972aa0000 - 0x00007ff972bb2000 	C:\WINDOWS\System32\gdi32full.dll
0x00007ff972600000 - 0x00007ff97269a000 	C:\WINDOWS\System32\msvcp_win.dll
0x00007ff968f40000 - 0x00007ff968f4a000 	C:\WINDOWS\SYSTEM32\VERSION.dll
0x00007ff974530000 - 0x00007ff974562000 	C:\WINDOWS\System32\IMM32.DLL
0x00007ff966420000 - 0x00007ff96642c000 	C:\Program Files\Java\jdk-19\bin\vcruntime140_1.dll
0x00007ff939bc0000 - 0x00007ff939c4e000 	C:\Program Files\Java\jdk-19\bin\msvcp140.dll
0x00007ff90ef90000 - 0x00007ff90fc50000 	C:\Program Files\Java\jdk-19\bin\server\jvm.dll
0x00007ff96ce20000 - 0x00007ff96ce29000 	C:\WINDOWS\SYSTEM32\WSOCK32.dll
0x00007ff96a110000 - 0x00007ff96a144000 	C:\WINDOWS\SYSTEM32\WINMM.dll
0x00007ff973e70000 - 0x00007ff973ee1000 	C:\WINDOWS\System32\WS2_32.dll
0x00007ff971250000 - 0x00007ff971268000 	C:\WINDOWS\SYSTEM32\kernel.appcore.dll
0x00007ff961c60000 - 0x00007ff961c6a000 	C:\Program Files\Java\jdk-19\bin\jimage.dll
0x00007ff968250000 - 0x00007ff96847e000 	C:\WINDOWS\SYSTEM32\DBGHELP.DLL
0x00007ff972be0000 - 0x00007ff972f6a000 	C:\WINDOWS\System32\combase.dll
0x00007ff973120000 - 0x00007ff9731f7000 	C:\WINDOWS\System32\OLEAUT32.dll
0x00007ff9525b0000 - 0x00007ff9525e2000 	C:\WINDOWS\SYSTEM32\dbgcore.DLL
0x00007ff972a20000 - 0x00007ff972a9b000 	C:\WINDOWS\System32\bcryptPrimitives.dll

dbghelp: loaded successfully - version: 4.0.5 - missing functions: none
symbol engine: initialized successfully - sym options: 0x614 - pdb path: .;C:\Program Files\Java\jdk-19\bin;C:\WINDOWS\SYSTEM32;C:\WINDOWS\WinSxS\amd64_microsoft.windows.common-controls_6595b64144ccf1df_6.0.22621.608_none_a9444ca7c10bb01d;C:\Program Files\Java\jdk-19\bin\server

VM Arguments:
java_command: <unknown>
java_class_path (initial): <not set>
Launcher Type: SUN_STANDARD

[Global flags]
     bool UseLargePagesIndividualAllocation        = false                                  {pd product} {ergonomic}

Logging:
Log output configuration:
 #0: stdout all=warning uptime,level,tags foldmultilines=false
 #1: stderr all=off uptime,level,tags foldmultilines=false

Environment Variables:
PATH=C:\Program Files\Common Files\Oracle\Java\javapath;C:\WINDOWS\system32;C:\WINDOWS;C:\WINDOWS\System32\Wbem;C:\WINDOWS\System32\WindowsPowerShell\v1.0\;C:\WINDOWS\System32\OpenSSH\;C:\msys64\mingw64\bin;C:\Program Files\Java\jdk-19\bin;C:\Program Files\dotnet\;C:\Program Files\NVIDIA Corporation\NVIDIA NvDLISR;C:\Program Files (x86)\NVIDIA Corporation\PhysX\Common;C:\Program Files\Cloudflare\Cloudflare WARP\;C:\Program Files\Git\cmd;C:\Program Files\MySQL\MySQL Shell 8.0\bin\;C:\Users\acer\AppData\Local\Programs\Python\Python37\Scripts\;C:\Users\acer\AppData\Local\Programs\Python\Python37\;C:\Users\acer\AppData\Local\Microsoft\WindowsApps;C:\Program Files\JetBrains\IntelliJ IDEA Community Edition 2022.1.3\bin;;C:\Users\acer\AppData\Local\Programs\Microsoft VS Code\bin;C:\Program Files\JetBrains\PyCharm Community Edition 2022.2.1\bin;
USERNAME=acer
LANG=en_US.UTF-8
OS=Windows_NT
PROCESSOR_IDENTIFIER=AMD64 Family 23 Model 104 Stepping 1, AuthenticAMD
TMP=C:\Users\acer\AppData\Local\Temp
TEMP=C:\Users\acer\AppData\Local\Temp



---------------  S Y S T E M  ---------------

OS:
 Windows 11 , 64 bit Build 22621 (10.0.22621.963)
OS uptime: 8 days 4:11 hours

CPU: total 12 (initial active 0) 

Memory: 4k page, system-wide physical 7514M (934M free)
TotalPageFile size 31066M (AvailPageFile size 5M)
current process WorkingSet (physical memory assigned to process): 8M, peak: 8M
current process commit charge ("private bytes"): 3M, peak: 3M

vm_info: Java HotSpot(TM) 64-Bit Server VM (19+36-2238) for windows-amd64 JRE (19+36-2238), built on 2022-08-12T20:29:01Z by "mach5one" with MS VC++ 17.1 (VS2022)

END.
