#
# There is insufficient memory for the Java Runtime Environment to continue.
# Native memory allocation (mmap) failed to map 65536 bytes for Failed to commit metaspace.
# Possible reasons:
#   The system is out of physical RAM or swap space
#   The process is running with CompressedOops enabled, and the Java Heap may be blocking the growth of the native heap
# Possible solutions:
#   Reduce memory load on the system
#   Increase physical memory or swap space
#   Check if swap backing store is full
#   Decrease Java heap size (-Xmx/-Xms)
#   Decrease number of Java threads
#   Decrease Java thread stack sizes (-Xss)
#   Set larger code cache with -XX:ReservedCodeCacheSize=
#   JVM is running with Unscaled Compressed Oops mode in which the Java heap is
#     placed in the first 4GB address space. The Java Heap base address is the
#     maximum limit for the native heap growth. Please use -XX:HeapBaseMinAddress
#     to set the Java Heap base and to place the Java Heap above 4GB virtual address.
# This output file may be truncated or incomplete.
#
#  Out of Memory Error (virtualSpaceNode.cpp:110), pid=28948, tid=13612
#
# JRE version: Java(TM) SE Runtime Environment (19.0+36) (build 19+36-2238)
# Java VM: Java HotSpot(TM) 64-Bit Server VM (19+36-2238, mixed mode, sharing, tiered, compressed oops, compressed class ptrs, g1 gc, windows-amd64)
# No core dump will be written. Minidumps are not enabled by default on client versions of Windows
#

---------------  S U M M A R Y ------------

Command Line: --enable-preview -XX:+ShowCodeDetailsInExceptionMessages addstudent

Host: AMD Ryzen 5 5500U with Radeon Graphics         , 12 cores, 7G,  Windows 11 , 64 bit Build 22621 (10.0.22621.963)
Time: Mon Jan  9 19:44:12 2023 India Standard Time elapsed time: 0.674862 seconds (0d 0h 0m 0s)

---------------  T H R E A D  ---------------

Current thread (0x000001b5b3d15730):  JavaThread "C1 CompilerThread0" daemon [_thread_in_vm, id=13612, stack(0x0000001043000000,0x0000001043100000)]


Current CompileTask:
C1:    674 1154       3       java.awt.Container::adjustDescendants (21 bytes)

Stack: [0x0000001043000000,0x0000001043100000]
Native frames: (J=compiled Java code, j=interpreted, Vv=VM code, C=native code)
V  [jvm.dll+0x6ee8fa]
V  [jvm.dll+0x857a1e]
V  [jvm.dll+0x85940e]
V  [jvm.dll+0x859ac3]
V  [jvm.dll+0x28291f]
V  [jvm.dll+0x85369b]
V  [jvm.dll+0x693276]
V  [jvm.dll+0x6932da]
V  [jvm.dll+0x695bd3]
V  [jvm.dll+0x695a9e]
V  [jvm.dll+0x693c9e]
V  [jvm.dll+0x6a557a]
V  [jvm.dll+0x69e54a]
V  [jvm.dll+0x2002f0]
V  [jvm.dll+0x2004d8]
V  [jvm.dll+0x160f1e]
V  [jvm.dll+0x161278]
V  [jvm.dll+0x1606d6]
V  [jvm.dll+0x1623cd]
V  [jvm.dll+0x25b0fa]
V  [jvm.dll+0x259588]
V  [jvm.dll+0x807928]
V  [jvm.dll+0x8015fa]
V  [jvm.dll+0x6ed5eb]
C  [ucrtbase.dll+0x29363]
C  [KERNEL32.DLL+0x126bd]
C  [ntdll.dll+0x5dfb8]


---------------  P R O C E S S  ---------------

Threads class SMR info:
_java_thread_list=0x000001b5b8b78e40, length=18, elements={
0x000001b5b3cf2fc0, 0x000001b5b3cf5900, 0x000001b5b3cf8320, 0x000001b5b3cfd9b0,
0x000001b5b3cfaf30, 0x000001b5b3cfbf20, 0x000001b5b3d02f40, 0x000001b5b3d15730,
0x000001b5b3cfd460, 0x000001b5b3cfb480, 0x000001b5b3cfdf00, 0x000001b5b3cfb9d0,
0x000001b5b3cfc470, 0x000001b5b3cfe450, 0x000001b5b89357e0, 0x000001b5b3cfcf10,
0x000001b5b3cfc9c0, 0x000001b5b8decf60
}

Java Threads: ( => current thread )
  0x000001b5b3cf2fc0 JavaThread "Reference Handler" daemon [_thread_blocked, id=32384, stack(0x0000001042900000,0x0000001042a00000)]
  0x000001b5b3cf5900 JavaThread "Finalizer" daemon [_thread_blocked, id=24928, stack(0x0000001042a00000,0x0000001042b00000)]
  0x000001b5b3cf8320 JavaThread "Signal Dispatcher" daemon [_thread_blocked, id=24112, stack(0x0000001042b00000,0x0000001042c00000)]
  0x000001b5b3cfd9b0 JavaThread "Attach Listener" daemon [_thread_blocked, id=31312, stack(0x0000001042c00000,0x0000001042d00000)]
  0x000001b5b3cfaf30 JavaThread "Service Thread" daemon [_thread_blocked, id=23548, stack(0x0000001042d00000,0x0000001042e00000)]
  0x000001b5b3cfbf20 JavaThread "Monitor Deflation Thread" daemon [_thread_blocked, id=26800, stack(0x0000001042e00000,0x0000001042f00000)]
  0x000001b5b3d02f40 JavaThread "C2 CompilerThread0" daemon [_thread_blocked, id=32116, stack(0x0000001042f00000,0x0000001043000000)]
=>0x000001b5b3d15730 JavaThread "C1 CompilerThread0" daemon [_thread_in_vm, id=13612, stack(0x0000001043000000,0x0000001043100000)]
  0x000001b5b3cfd460 JavaThread "Sweeper thread" daemon [_thread_blocked, id=26252, stack(0x0000001043100000,0x0000001043200000)]
  0x000001b5b3cfb480 JavaThread "Notification Thread" daemon [_thread_blocked, id=31500, stack(0x0000001043200000,0x0000001043300000)]
  0x000001b5b3cfdf00 JavaThread "Common-Cleaner" daemon [_thread_blocked, id=10104, stack(0x0000001043400000,0x0000001043500000)]
  0x000001b5b3cfb9d0 JavaThread "Java2D Disposer" daemon [_thread_blocked, id=11876, stack(0x0000001043500000,0x0000001043600000)]
  0x000001b5b3cfc470 JavaThread "AWT-Shutdown" [_thread_blocked, id=7312, stack(0x0000001043600000,0x0000001043700000)]
  0x000001b5b3cfe450 JavaThread "AWT-Windows" daemon [_thread_in_native, id=10560, stack(0x0000001043700000,0x0000001043800000)]
  0x000001b5b89357e0 JavaThread "C2 CompilerThread1" daemon [_thread_blocked, id=31684, stack(0x0000001044200000,0x0000001044300000)]
  0x000001b5b3cfcf10 JavaThread "AWT-EventQueue-0" [_thread_in_vm, id=29040, stack(0x0000001044300000,0x0000001044400000)]
  0x000001b5b3cfc9c0 JavaThread "Image Fetcher 0" daemon [_thread_blocked, id=29132, stack(0x0000001044400000,0x0000001044500000)]
  0x000001b5b8decf60 JavaThread "DestroyJavaVM" [_thread_blocked, id=17796, stack(0x0000001042200000,0x0000001042300000)]

Other Threads:
  0x000001b5b3cdbcd0 VMThread "VM Thread" [stack: 0x0000001042800000,0x0000001042900000] [id=24556]
  0x000001b5b80f5840 WatcherThread "VM Periodic Task Thread" [stack: 0x0000001043300000,0x0000001043400000] [id=9904]
  0x000001b595676da0 WorkerThread "GC Thread#0" [stack: 0x0000001042300000,0x0000001042400000] [id=32016]
  0x000001b595686860 ConcurrentGCThread "G1 Main Marker" [stack: 0x0000001042400000,0x0000001042500000] [id=30984]
  0x000001b595687330 WorkerThread "G1 Conc#0" [stack: 0x0000001042500000,0x0000001042600000] [id=23332]
  0x000001b5956de310 ConcurrentGCThread "G1 Refine#0" [stack: 0x0000001042600000,0x0000001042700000] [id=30372]
  0x000001b5b3b98510 ConcurrentGCThread "G1 Service" [stack: 0x0000001042700000,0x0000001042800000] [id=30852]

Threads with active compile tasks:
C1 CompilerThread0      687 1154       3       java.awt.Container::adjustDescendants (21 bytes)

VM state: not at safepoint (normal execution)

VM Mutex/Monitor currently owned by a thread:  ([mutex/lock_event])
[0x000001b595611d30] Metaspace_lock - owner thread: 0x000001b5b3d15730
[0x000001b595612bc0] MethodData_lock - owner thread: 0x000001b5b3d15730

Heap address: 0x000000008a800000, size: 1880 MB, Compressed Oops mode: 32-bit

CDS archive(s) mapped at: [0x0000000800000000-0x0000000800c40000-0x0000000800c40000), size 12845056, SharedBaseAddress: 0x0000000800000000, ArchiveRelocationMode: 0.
Compressed class space mapped at: 0x0000000801000000-0x0000000841000000, reserved size: 1073741824
Narrow klass base: 0x0000000800000000, Narrow klass shift: 0, Narrow klass range: 0x100000000

GC Precious Log:
 CardTable entry size: 512
 Card Set container configuration: InlinePtr #cards 5 size 8 Array Of Cards #cards 12 size 40 Howl #buckets 4 coarsen threshold 1843 Howl Bitmap #cards 512 size 80 coarsen threshold 460 Card regions per heap region 1 cards per card region 2048
 CPUs: 12 total, 12 available
 Memory: 7514M
 Large Page Support: Disabled
 NUMA Support: Disabled
 Compressed Oops: Enabled (32-bit)
 Heap Region Size: 1M
 Heap Min Capacity: 8M
 Heap Initial Capacity: 118M
 Heap Max Capacity: 1880M
 Pre-touch: Disabled
 Parallel Workers: 10
 Concurrent Workers: 3
 Concurrent Refinement Workers: 10
 Periodic GC: Disabled

Heap:
 garbage-first heap   total 120832K, used 14336K [0x000000008a800000, 0x0000000100000000)
  region size 1024K, 11 young (11264K), 0 survivors (0K)
 Metaspace       used 9780K, committed 9984K, reserved 1114112K
  class space    used 1184K, committed 1280K, reserved 1048576K

Heap Regions: E=young(eden), S=young(survivor), O=old, HS=humongous(starts), HC=humongous(continues), CS=collection set, F=free, OA=open archive, CA=closed archive, TAMS=top-at-mark-start (previous, next)
|   0|0x000000008a800000, 0x000000008a900000, 0x000000008a900000|100%|HS|  |TAMS 0x000000008a800000, 0x000000008a800000| Complete 
|   1|0x000000008a900000, 0x000000008aa00000, 0x000000008aa00000|100%|HC|  |TAMS 0x000000008a900000, 0x000000008a900000| Complete 
|   2|0x000000008aa00000, 0x000000008ab00000, 0x000000008ab00000|100%|HC|  |TAMS 0x000000008aa00000, 0x000000008aa00000| Complete 
|   3|0x000000008ab00000, 0x000000008ac00000, 0x000000008ac00000|100%|HC|  |TAMS 0x000000008ab00000, 0x000000008ab00000| Complete 
|   4|0x000000008ac00000, 0x000000008ac00000, 0x000000008ad00000|  0%| F|  |TAMS 0x000000008ac00000, 0x000000008ac00000| Untracked 
|   5|0x000000008ad00000, 0x000000008ad00000, 0x000000008ae00000|  0%| F|  |TAMS 0x000000008ad00000, 0x000000008ad00000| Untracked 
|   6|0x000000008ae00000, 0x000000008ae00000, 0x000000008af00000|  0%| F|  |TAMS 0x000000008ae00000, 0x000000008ae00000| Untracked 
|   7|0x000000008af00000, 0x000000008af00000, 0x000000008b000000|  0%| F|  |TAMS 0x000000008af00000, 0x000000008af00000| Untracked 
|   8|0x000000008b000000, 0x000000008b000000, 0x000000008b100000|  0%| F|  |TAMS 0x000000008b000000, 0x000000008b000000| Untracked 
|   9|0x000000008b100000, 0x000000008b100000, 0x000000008b200000|  0%| F|  |TAMS 0x000000008b100000, 0x000000008b100000| Untracked 
|  10|0x000000008b200000, 0x000000008b200000, 0x000000008b300000|  0%| F|  |TAMS 0x000000008b200000, 0x000000008b200000| Untracked 
|  11|0x000000008b300000, 0x000000008b300000, 0x000000008b400000|  0%| F|  |TAMS 0x000000008b300000, 0x000000008b300000| Untracked 
|  12|0x000000008b400000, 0x000000008b400000, 0x000000008b500000|  0%| F|  |TAMS 0x000000008b400000, 0x000000008b400000| Untracked 
|  13|0x000000008b500000, 0x000000008b500000, 0x000000008b600000|  0%| F|  |TAMS 0x000000008b500000, 0x000000008b500000| Untracked 
|  14|0x000000008b600000, 0x000000008b600000, 0x000000008b700000|  0%| F|  |TAMS 0x000000008b600000, 0x000000008b600000| Untracked 
|  15|0x000000008b700000, 0x000000008b700000, 0x000000008b800000|  0%| F|  |TAMS 0x000000008b700000, 0x000000008b700000| Untracked 
|  16|0x000000008b800000, 0x000000008b800000, 0x000000008b900000|  0%| F|  |TAMS 0x000000008b800000, 0x000000008b800000| Untracked 
|  17|0x000000008b900000, 0x000000008b900000, 0x000000008ba00000|  0%| F|  |TAMS 0x000000008b900000, 0x000000008b900000| Untracked 
|  18|0x000000008ba00000, 0x000000008ba00000, 0x000000008bb00000|  0%| F|  |TAMS 0x000000008ba00000, 0x000000008ba00000| Untracked 
|  19|0x000000008bb00000, 0x000000008bb00000, 0x000000008bc00000|  0%| F|  |TAMS 0x000000008bb00000, 0x000000008bb00000| Untracked 
|  20|0x000000008bc00000, 0x000000008bc00000, 0x000000008bd00000|  0%| F|  |TAMS 0x000000008bc00000, 0x000000008bc00000| Untracked 
|  21|0x000000008bd00000, 0x000000008bd00000, 0x000000008be00000|  0%| F|  |TAMS 0x000000008bd00000, 0x000000008bd00000| Untracked 
|  22|0x000000008be00000, 0x000000008be00000, 0x000000008bf00000|  0%| F|  |TAMS 0x000000008be00000, 0x000000008be00000| Untracked 
|  23|0x000000008bf00000, 0x000000008bf00000, 0x000000008c000000|  0%| F|  |TAMS 0x000000008bf00000, 0x000000008bf00000| Untracked 
|  24|0x000000008c000000, 0x000000008c000000, 0x000000008c100000|  0%| F|  |TAMS 0x000000008c000000, 0x000000008c000000| Untracked 
|  25|0x000000008c100000, 0x000000008c100000, 0x000000008c200000|  0%| F|  |TAMS 0x000000008c100000, 0x000000008c100000| Untracked 
|  26|0x000000008c200000, 0x000000008c200000, 0x000000008c300000|  0%| F|  |TAMS 0x000000008c200000, 0x000000008c200000| Untracked 
|  27|0x000000008c300000, 0x000000008c300000, 0x000000008c400000|  0%| F|  |TAMS 0x000000008c300000, 0x000000008c300000| Untracked 
|  28|0x000000008c400000, 0x000000008c400000, 0x000000008c500000|  0%| F|  |TAMS 0x000000008c400000, 0x000000008c400000| Untracked 
|  29|0x000000008c500000, 0x000000008c500000, 0x000000008c600000|  0%| F|  |TAMS 0x000000008c500000, 0x000000008c500000| Untracked 
|  30|0x000000008c600000, 0x000000008c600000, 0x000000008c700000|  0%| F|  |TAMS 0x000000008c600000, 0x000000008c600000| Untracked 
|  31|0x000000008c700000, 0x000000008c700000, 0x000000008c800000|  0%| F|  |TAMS 0x000000008c700000, 0x000000008c700000| Untracked 
|  32|0x000000008c800000, 0x000000008c800000, 0x000000008c900000|  0%| F|  |TAMS 0x000000008c800000, 0x000000008c800000| Untracked 
|  33|0x000000008c900000, 0x000000008c900000, 0x000000008ca00000|  0%| F|  |TAMS 0x000000008c900000, 0x000000008c900000| Untracked 
|  34|0x000000008ca00000, 0x000000008ca00000, 0x000000008cb00000|  0%| F|  |TAMS 0x000000008ca00000, 0x000000008ca00000| Untracked 
|  35|0x000000008cb00000, 0x000000008cb00000, 0x000000008cc00000|  0%| F|  |TAMS 0x000000008cb00000, 0x000000008cb00000| Untracked 
|  36|0x000000008cc00000, 0x000000008cc00000, 0x000000008cd00000|  0%| F|  |TAMS 0x000000008cc00000, 0x000000008cc00000| Untracked 
|  37|0x000000008cd00000, 0x000000008cd00000, 0x000000008ce00000|  0%| F|  |TAMS 0x000000008cd00000, 0x000000008cd00000| Untracked 
|  38|0x000000008ce00000, 0x000000008ce00000, 0x000000008cf00000|  0%| F|  |TAMS 0x000000008ce00000, 0x000000008ce00000| Untracked 
|  39|0x000000008cf00000, 0x000000008cf00000, 0x000000008d000000|  0%| F|  |TAMS 0x000000008cf00000, 0x000000008cf00000| Untracked 
|  40|0x000000008d000000, 0x000000008d000000, 0x000000008d100000|  0%| F|  |TAMS 0x000000008d000000, 0x000000008d000000| Untracked 
|  41|0x000000008d100000, 0x000000008d100000, 0x000000008d200000|  0%| F|  |TAMS 0x000000008d100000, 0x000000008d100000| Untracked 
|  42|0x000000008d200000, 0x000000008d200000, 0x000000008d300000|  0%| F|  |TAMS 0x000000008d200000, 0x000000008d200000| Untracked 
|  43|0x000000008d300000, 0x000000008d300000, 0x000000008d400000|  0%| F|  |TAMS 0x000000008d300000, 0x000000008d300000| Untracked 
|  44|0x000000008d400000, 0x000000008d400000, 0x000000008d500000|  0%| F|  |TAMS 0x000000008d400000, 0x000000008d400000| Untracked 
|  45|0x000000008d500000, 0x000000008d500000, 0x000000008d600000|  0%| F|  |TAMS 0x000000008d500000, 0x000000008d500000| Untracked 
|  46|0x000000008d600000, 0x000000008d600000, 0x000000008d700000|  0%| F|  |TAMS 0x000000008d600000, 0x000000008d600000| Untracked 
|  47|0x000000008d700000, 0x000000008d700000, 0x000000008d800000|  0%| F|  |TAMS 0x000000008d700000, 0x000000008d700000| Untracked 
|  48|0x000000008d800000, 0x000000008d800000, 0x000000008d900000|  0%| F|  |TAMS 0x000000008d800000, 0x000000008d800000| Untracked 
|  49|0x000000008d900000, 0x000000008d900000, 0x000000008da00000|  0%| F|  |TAMS 0x000000008d900000, 0x000000008d900000| Untracked 
|  50|0x000000008da00000, 0x000000008da00000, 0x000000008db00000|  0%| F|  |TAMS 0x000000008da00000, 0x000000008da00000| Untracked 
|  51|0x000000008db00000, 0x000000008db00000, 0x000000008dc00000|  0%| F|  |TAMS 0x000000008db00000, 0x000000008db00000| Untracked 
|  52|0x000000008dc00000, 0x000000008dc00000, 0x000000008dd00000|  0%| F|  |TAMS 0x000000008dc00000, 0x000000008dc00000| Untracked 
|  53|0x000000008dd00000, 0x000000008dd00000, 0x000000008de00000|  0%| F|  |TAMS 0x000000008dd00000, 0x000000008dd00000| Untracked 
|  54|0x000000008de00000, 0x000000008de00000, 0x000000008df00000|  0%| F|  |TAMS 0x000000008de00000, 0x000000008de00000| Untracked 
|  55|0x000000008df00000, 0x000000008df00000, 0x000000008e000000|  0%| F|  |TAMS 0x000000008df00000, 0x000000008df00000| Untracked 
|  56|0x000000008e000000, 0x000000008e000000, 0x000000008e100000|  0%| F|  |TAMS 0x000000008e000000, 0x000000008e000000| Untracked 
|  57|0x000000008e100000, 0x000000008e100000, 0x000000008e200000|  0%| F|  |TAMS 0x000000008e100000, 0x000000008e100000| Untracked 
|  58|0x000000008e200000, 0x000000008e200000, 0x000000008e300000|  0%| F|  |TAMS 0x000000008e200000, 0x000000008e200000| Untracked 
|  59|0x000000008e300000, 0x000000008e300000, 0x000000008e400000|  0%| F|  |TAMS 0x000000008e300000, 0x000000008e300000| Untracked 
|  60|0x000000008e400000, 0x000000008e400000, 0x000000008e500000|  0%| F|  |TAMS 0x000000008e400000, 0x000000008e400000| Untracked 
|  61|0x000000008e500000, 0x000000008e500000, 0x000000008e600000|  0%| F|  |TAMS 0x000000008e500000, 0x000000008e500000| Untracked 
|  62|0x000000008e600000, 0x000000008e600000, 0x000000008e700000|  0%| F|  |TAMS 0x000000008e600000, 0x000000008e600000| Untracked 
|  63|0x000000008e700000, 0x000000008e700000, 0x000000008e800000|  0%| F|  |TAMS 0x000000008e700000, 0x000000008e700000| Untracked 
|  64|0x000000008e800000, 0x000000008e800000, 0x000000008e900000|  0%| F|  |TAMS 0x000000008e800000, 0x000000008e800000| Untracked 
|  65|0x000000008e900000, 0x000000008e900000, 0x000000008ea00000|  0%| F|  |TAMS 0x000000008e900000, 0x000000008e900000| Untracked 
|  66|0x000000008ea00000, 0x000000008ea00000, 0x000000008eb00000|  0%| F|  |TAMS 0x000000008ea00000, 0x000000008ea00000| Untracked 
|  67|0x000000008eb00000, 0x000000008eb00000, 0x000000008ec00000|  0%| F|  |TAMS 0x000000008eb00000, 0x000000008eb00000| Untracked 
|  68|0x000000008ec00000, 0x000000008ec00000, 0x000000008ed00000|  0%| F|  |TAMS 0x000000008ec00000, 0x000000008ec00000| Untracked 
|  69|0x000000008ed00000, 0x000000008ed00000, 0x000000008ee00000|  0%| F|  |TAMS 0x000000008ed00000, 0x000000008ed00000| Untracked 
|  70|0x000000008ee00000, 0x000000008ee00000, 0x000000008ef00000|  0%| F|  |TAMS 0x000000008ee00000, 0x000000008ee00000| Untracked 
|  71|0x000000008ef00000, 0x000000008ef00000, 0x000000008f000000|  0%| F|  |TAMS 0x000000008ef00000, 0x000000008ef00000| Untracked 
|  72|0x000000008f000000, 0x000000008f000000, 0x000000008f100000|  0%| F|  |TAMS 0x000000008f000000, 0x000000008f000000| Untracked 
|  73|0x000000008f100000, 0x000000008f100000, 0x000000008f200000|  0%| F|  |TAMS 0x000000008f100000, 0x000000008f100000| Untracked 
|  74|0x000000008f200000, 0x000000008f200000, 0x000000008f300000|  0%| F|  |TAMS 0x000000008f200000, 0x000000008f200000| Untracked 
|  75|0x000000008f300000, 0x000000008f300000, 0x000000008f400000|  0%| F|  |TAMS 0x000000008f300000, 0x000000008f300000| Untracked 
|  76|0x000000008f400000, 0x000000008f400000, 0x000000008f500000|  0%| F|  |TAMS 0x000000008f400000, 0x000000008f400000| Untracked 
|  77|0x000000008f500000, 0x000000008f500000, 0x000000008f600000|  0%| F|  |TAMS 0x000000008f500000, 0x000000008f500000| Untracked 
|  78|0x000000008f600000, 0x000000008f600000, 0x000000008f700000|  0%| F|  |TAMS 0x000000008f600000, 0x000000008f600000| Untracked 
|  79|0x000000008f700000, 0x000000008f700000, 0x000000008f800000|  0%| F|  |TAMS 0x000000008f700000, 0x000000008f700000| Untracked 
|  80|0x000000008f800000, 0x000000008f800000, 0x000000008f900000|  0%| F|  |TAMS 0x000000008f800000, 0x000000008f800000| Untracked 
|  81|0x000000008f900000, 0x000000008f900000, 0x000000008fa00000|  0%| F|  |TAMS 0x000000008f900000, 0x000000008f900000| Untracked 
|  82|0x000000008fa00000, 0x000000008fa00000, 0x000000008fb00000|  0%| F|  |TAMS 0x000000008fa00000, 0x000000008fa00000| Untracked 
|  83|0x000000008fb00000, 0x000000008fb00000, 0x000000008fc00000|  0%| F|  |TAMS 0x000000008fb00000, 0x000000008fb00000| Untracked 
|  84|0x000000008fc00000, 0x000000008fc00000, 0x000000008fd00000|  0%| F|  |TAMS 0x000000008fc00000, 0x000000008fc00000| Untracked 
|  85|0x000000008fd00000, 0x000000008fd00000, 0x000000008fe00000|  0%| F|  |TAMS 0x000000008fd00000, 0x000000008fd00000| Untracked 
|  86|0x000000008fe00000, 0x000000008fe00000, 0x000000008ff00000|  0%| F|  |TAMS 0x000000008fe00000, 0x000000008fe00000| Untracked 
|  87|0x000000008ff00000, 0x000000008ff00000, 0x0000000090000000|  0%| F|  |TAMS 0x000000008ff00000, 0x000000008ff00000| Untracked 
|  88|0x0000000090000000, 0x0000000090000000, 0x0000000090100000|  0%| F|  |TAMS 0x0000000090000000, 0x0000000090000000| Untracked 
|  89|0x0000000090100000, 0x0000000090100000, 0x0000000090200000|  0%| F|  |TAMS 0x0000000090100000, 0x0000000090100000| Untracked 
|  90|0x0000000090200000, 0x0000000090200000, 0x0000000090300000|  0%| F|  |TAMS 0x0000000090200000, 0x0000000090200000| Untracked 
|  91|0x0000000090300000, 0x0000000090300000, 0x0000000090400000|  0%| F|  |TAMS 0x0000000090300000, 0x0000000090300000| Untracked 
|  92|0x0000000090400000, 0x0000000090400000, 0x0000000090500000|  0%| F|  |TAMS 0x0000000090400000, 0x0000000090400000| Untracked 
|  93|0x0000000090500000, 0x0000000090500000, 0x0000000090600000|  0%| F|  |TAMS 0x0000000090500000, 0x0000000090500000| Untracked 
|  94|0x0000000090600000, 0x0000000090600000, 0x0000000090700000|  0%| F|  |TAMS 0x0000000090600000, 0x0000000090600000| Untracked 
|  95|0x0000000090700000, 0x0000000090700000, 0x0000000090800000|  0%| F|  |TAMS 0x0000000090700000, 0x0000000090700000| Untracked 
|  96|0x0000000090800000, 0x0000000090800000, 0x0000000090900000|  0%| F|  |TAMS 0x0000000090800000, 0x0000000090800000| Untracked 
|  97|0x0000000090900000, 0x0000000090900000, 0x0000000090a00000|  0%| F|  |TAMS 0x0000000090900000, 0x0000000090900000| Untracked 
|  98|0x0000000090a00000, 0x0000000090a00000, 0x0000000090b00000|  0%| F|  |TAMS 0x0000000090a00000, 0x0000000090a00000| Untracked 
|  99|0x0000000090b00000, 0x0000000090b00000, 0x0000000090c00000|  0%| F|  |TAMS 0x0000000090b00000, 0x0000000090b00000| Untracked 
| 100|0x0000000090c00000, 0x0000000090c00000, 0x0000000090d00000|  0%| F|  |TAMS 0x0000000090c00000, 0x0000000090c00000| Untracked 
| 101|0x0000000090d00000, 0x0000000090d00000, 0x0000000090e00000|  0%| F|  |TAMS 0x0000000090d00000, 0x0000000090d00000| Untracked 
| 102|0x0000000090e00000, 0x0000000090e00000, 0x0000000090f00000|  0%| F|  |TAMS 0x0000000090e00000, 0x0000000090e00000| Untracked 
| 103|0x0000000090f00000, 0x0000000090f00000, 0x0000000091000000|  0%| F|  |TAMS 0x0000000090f00000, 0x0000000090f00000| Untracked 
| 104|0x0000000091000000, 0x0000000091000000, 0x0000000091100000|  0%| F|  |TAMS 0x0000000091000000, 0x0000000091000000| Untracked 
| 105|0x0000000091100000, 0x0000000091100000, 0x0000000091200000|  0%| F|  |TAMS 0x0000000091100000, 0x0000000091100000| Untracked 
| 106|0x0000000091200000, 0x0000000091200000, 0x0000000091300000|  0%| F|  |TAMS 0x0000000091200000, 0x0000000091200000| Untracked 
| 107|0x0000000091300000, 0x0000000091400000, 0x0000000091400000|100%| E|  |TAMS 0x0000000091300000, 0x0000000091300000| Complete 
| 108|0x0000000091400000, 0x0000000091500000, 0x0000000091500000|100%| E|CS|TAMS 0x0000000091400000, 0x0000000091400000| Complete 
| 109|0x0000000091500000, 0x0000000091600000, 0x0000000091600000|100%| E|CS|TAMS 0x0000000091500000, 0x0000000091500000| Complete 
| 110|0x0000000091600000, 0x0000000091700000, 0x0000000091700000|100%| E|CS|TAMS 0x0000000091600000, 0x0000000091600000| Complete 
| 111|0x0000000091700000, 0x0000000091800000, 0x0000000091800000|100%| E|CS|TAMS 0x0000000091700000, 0x0000000091700000| Complete 
| 112|0x0000000091800000, 0x0000000091900000, 0x0000000091900000|100%| E|CS|TAMS 0x0000000091800000, 0x0000000091800000| Complete 
| 113|0x0000000091900000, 0x0000000091a00000, 0x0000000091a00000|100%| E|CS|TAMS 0x0000000091900000, 0x0000000091900000| Complete 
| 114|0x0000000091a00000, 0x0000000091b00000, 0x0000000091b00000|100%| E|CS|TAMS 0x0000000091a00000, 0x0000000091a00000| Complete 
| 115|0x0000000091b00000, 0x0000000091c00000, 0x0000000091c00000|100%| E|CS|TAMS 0x0000000091b00000, 0x0000000091b00000| Complete 
| 116|0x0000000091c00000, 0x0000000091d00000, 0x0000000091d00000|100%| E|CS|TAMS 0x0000000091c00000, 0x0000000091c00000| Complete 
| 117|0x0000000091d00000, 0x0000000091e00000, 0x0000000091e00000|100%| E|CS|TAMS 0x0000000091d00000, 0x0000000091d00000| Complete 

Card table byte_map: [0x000001b5ace70000,0x000001b5ad220000] _byte_map_base: 0x000001b5aca1c000

Marking Bits (Prev, Next): (CMBitMap*) 0x000001b5956772d0, (CMBitMap*) 0x000001b595677310
 Prev Bits: [0x000001b5ad5d0000, 0x000001b5af330000)
 Next Bits: [0x000001b5af330000, 0x000001b5b1090000)

Polling page: 0x000001b594de0000

Metaspace:

Usage:
  Non-class:      8.39 MB used.
      Class:      1.16 MB used.
       Both:      9.55 MB used.

Virtual space:
  Non-class space:       64.00 MB reserved,       8.50 MB ( 13%) committed,  1 nodes.
      Class space:        1.00 GB reserved,       1.25 MB ( <1%) committed,  1 nodes.
             Both:        1.06 GB reserved,       9.75 MB ( <1%) committed. 

Chunk freelists:
   Non-Class:  2.98 MB
       Class:  2.72 MB
        Both:  5.70 MB

MaxMetaspaceSize: unlimited
CompressedClassSpaceSize: 1.00 GB
Initial GC threshold: 21.00 MB
Current GC threshold: 21.00 MB
CDS: on
MetaspaceReclaimPolicy: balanced
 - commit_granule_bytes: 65536.
 - commit_granule_words: 8192.
 - virtual_space_node_default_size: 8388608.
 - enlarge_chunks_in_place: 1.
 - new_chunks_are_fully_committed: 0.
 - uncommit_free_chunks: 1.
 - use_allocation_guard: 0.


Internal statistics:

num_allocs_failed_limit: 0.
num_arena_births: 154.
num_arena_deaths: 0.
num_vsnodes_births: 2.
num_vsnodes_deaths: 0.
num_space_committed: 156.
num_space_uncommitted: 0.
num_chunks_returned_to_freelist: 0.
num_chunks_taken_from_freelist: 197.
num_chunk_merges: 0.
num_chunk_splits: 130.
num_chunks_enlarged: 82.
num_inconsistent_stats: 0.

CodeHeap 'non-profiled nmethods': size=120000Kb used=336Kb max_used=336Kb free=119663Kb
 bounds [0x000001b5a5040000, 0x000001b5a52b0000, 0x000001b5ac570000]
CodeHeap 'profiled nmethods': size=120000Kb used=1921Kb max_used=1921Kb free=118078Kb
 bounds [0x000001b59d570000, 0x000001b59d7e0000, 0x000001b5a4aa0000]
CodeHeap 'non-nmethods': size=5760Kb used=1673Kb max_used=1686Kb free=4087Kb
 bounds [0x000001b5a4aa0000, 0x000001b5a4d10000, 0x000001b5a5040000]
 total_blobs=1797 nmethods=1153 adapters=554
 compilation: enabled
              stopped_count=0, restarted_count=0
 full_count=0

Compilation events (20 events):
Event: 0.665 Thread 0x000001b5b3d15730 nmethod 1144 0x000001b59d74ce10 code [0x000001b59d74cfa0, 0x000001b59d74d0d8]
Event: 0.666 Thread 0x000001b5b3d15730 1145       1       java.nio.DirectByteBuffer::isReadOnly (2 bytes)
Event: 0.666 Thread 0x000001b5b3d15730 nmethod 1145 0x000001b5a5093d90 code [0x000001b5a5093f20, 0x000001b5a5093ff8]
Event: 0.668 Thread 0x000001b5b3d15730 1146       3       sun.nio.ch.FileChannelImpl::ensureOpen (16 bytes)
Event: 0.669 Thread 0x000001b5b3d15730 nmethod 1146 0x000001b59d74d190 code [0x000001b59d74d360, 0x000001b59d74d608]
Event: 0.669 Thread 0x000001b5b3d15730 1147       3       sun.nio.ch.FileChannelImpl::beginBlocking (12 bytes)
Event: 0.669 Thread 0x000001b5b3d15730 nmethod 1147 0x000001b59d74d710 code [0x000001b59d74d8c0, 0x000001b59d74da48]
Event: 0.669 Thread 0x000001b5b3d15730 1148       3       java.nio.channels.spi.AbstractInterruptibleChannel::begin (48 bytes)
Event: 0.670 Thread 0x000001b5b3d15730 nmethod 1148 0x000001b59d74db10 code [0x000001b59d74dd20, 0x000001b59d74e378]
Event: 0.670 Thread 0x000001b5b3d15730 1149   !   3       sun.nio.ch.NativeThreadSet::add (155 bytes)
Event: 0.670 Thread 0x000001b5b3d15730 nmethod 1149 0x000001b59d74e610 code [0x000001b59d74e800, 0x000001b59d74ee48]
Event: 0.670 Thread 0x000001b5b3d15730 1150       3       sun.nio.ch.FileChannelImpl::endBlocking (13 bytes)
Event: 0.671 Thread 0x000001b5b3d15730 nmethod 1150 0x000001b59d74f110 code [0x000001b59d74f2c0, 0x000001b59d74f448]
Event: 0.671 Thread 0x000001b5b3d15730 1151       3       java.nio.channels.spi.AbstractInterruptibleChannel::end (53 bytes)
Event: 0.671 Thread 0x000001b5b3d15730 nmethod 1151 0x000001b59d74f510 code [0x000001b59d74f720, 0x000001b59d74fc68]
Event: 0.671 Thread 0x000001b5b3d15730 1152       3       java.nio.Buffer::flip (20 bytes)
Event: 0.671 Thread 0x000001b5b3d15730 nmethod 1152 0x000001b59d74fe90 code [0x000001b59d750020, 0x000001b59d750158]
Event: 0.672 Thread 0x000001b5b3d15730 1153       3       java.nio.ByteBuffer::flip (7 bytes)
Event: 0.672 Thread 0x000001b5b3d15730 nmethod 1153 0x000001b59d750210 code [0x000001b59d7503c0, 0x000001b59d750558]
Event: 0.673 Thread 0x000001b5b3d15730 1154       3       java.awt.Container::adjustDescendants (21 bytes)

GC Heap History (0 events):
No events

Dll operation events (10 events):
Event: 0.010 Loaded shared library C:\Program Files\Java\jdk-19\bin\java.dll
Event: 0.019 Loaded shared library C:\Program Files\Java\jdk-19\bin\jsvml.dll
Event: 0.066 Loaded shared library C:\Program Files\Java\jdk-19\bin\net.dll
Event: 0.068 Loaded shared library C:\Program Files\Java\jdk-19\bin\nio.dll
Event: 0.073 Loaded shared library C:\Program Files\Java\jdk-19\bin\zip.dll
Event: 0.088 Loaded shared library C:\Program Files\Java\jdk-19\bin\jimage.dll
Event: 0.106 Loaded shared library C:\Program Files\Java\jdk-19\bin\awt.dll
Event: 0.318 Loaded shared library C:\Program Files\Java\jdk-19\bin\verify.dll
Event: 0.399 Loaded shared library C:\Program Files\Java\jdk-19\bin\freetype.dll
Event: 0.401 Loaded shared library C:\Program Files\Java\jdk-19\bin\fontmanager.dll

Deoptimization events (20 events):
Event: 0.388 Thread 0x000001b595618200 Uncommon trap: trap_request=0xffffff45 fr.pc=0x000001b5a5065e28 relative=0x0000000000000148
Event: 0.388 Thread 0x000001b595618200 Uncommon trap: reason=unstable_if action=reinterpret pc=0x000001b5a5065e28 method=java.util.regex.Pattern$BmpCharPropertyGreedy.match(Ljava/util/regex/Matcher;ILjava/lang/CharSequence;)Z @ 12 c2
Event: 0.388 Thread 0x000001b595618200 DEOPT PACKING pc=0x000001b5a5065e28 sp=0x00000010422fe320
Event: 0.388 Thread 0x000001b595618200 DEOPT UNPACKING pc=0x000001b5a4b07aa3 sp=0x00000010422fe2b8 mode 2
Event: 0.412 Thread 0x000001b595618200 Uncommon trap: trap_request=0xffffff45 fr.pc=0x000001b5a506b550 relative=0x0000000000000230
Event: 0.412 Thread 0x000001b595618200 Uncommon trap: reason=unstable_if action=reinterpret pc=0x000001b5a506b550 method=java.lang.StringUTF16.compress([CI[BII)I @ 20 c2
Event: 0.412 Thread 0x000001b595618200 DEOPT PACKING pc=0x000001b5a506b550 sp=0x00000010422fdb70
Event: 0.412 Thread 0x000001b595618200 DEOPT UNPACKING pc=0x000001b5a4b07aa3 sp=0x00000010422fdaf0 mode 2
Event: 0.438 Thread 0x000001b595618200 Uncommon trap: trap_request=0xffffff45 fr.pc=0x000001b5a506f600 relative=0x0000000000000160
Event: 0.438 Thread 0x000001b595618200 Uncommon trap: reason=unstable_if action=reinterpret pc=0x000001b5a506f600 method=java.util.concurrent.locks.ReentrantLock$NonfairSync.initialTryLock()Z @ 10 c2
Event: 0.438 Thread 0x000001b595618200 DEOPT PACKING pc=0x000001b5a506f600 sp=0x00000010422fe750
Event: 0.438 Thread 0x000001b595618200 DEOPT UNPACKING pc=0x000001b5a4b07aa3 sp=0x00000010422fe6f8 mode 2
Event: 0.438 Thread 0x000001b595618200 Uncommon trap: trap_request=0xffffff45 fr.pc=0x000001b5a506f974 relative=0x00000000000000d4
Event: 0.438 Thread 0x000001b595618200 Uncommon trap: reason=unstable_if action=reinterpret pc=0x000001b5a506f974 method=java.util.concurrent.locks.ReentrantLock$Sync.tryRelease(I)Z @ 26 c2
Event: 0.439 Thread 0x000001b595618200 DEOPT PACKING pc=0x000001b5a506f974 sp=0x00000010422fe750
Event: 0.439 Thread 0x000001b595618200 DEOPT UNPACKING pc=0x000001b5a4b07aa3 sp=0x00000010422fe6f0 mode 2
Event: 0.494 Thread 0x000001b595618200 DEOPT PACKING pc=0x000001b59d587f7f sp=0x00000010422fabd0
Event: 0.494 Thread 0x000001b595618200 DEOPT UNPACKING pc=0x000001b5a4b08243 sp=0x00000010422f9ff0 mode 0
Event: 0.595 Thread 0x000001b595618200 DEOPT PACKING pc=0x000001b59d5872e9 sp=0x00000010422fcd60
Event: 0.595 Thread 0x000001b595618200 DEOPT UNPACKING pc=0x000001b5a4b08243 sp=0x00000010422fc1d8 mode 0

Classes loaded (20 events):
Event: 0.648 Loading class java/awt/image/SinglePixelPackedSampleModel
Event: 0.649 Loading class java/awt/image/SinglePixelPackedSampleModel done
Event: 0.649 Loading class sun/awt/image/IntegerInterleavedRaster
Event: 0.649 Loading class sun/awt/image/IntegerInterleavedRaster done
Event: 0.650 Loading class sun/awt/image/BufImgSurfaceData
Event: 0.650 Loading class sun/awt/image/BufImgSurfaceData done
Event: 0.650 Loading class sun/awt/image/BufImgSurfaceData$ICMColorData
Event: 0.650 Loading class sun/awt/image/BufImgSurfaceData$ICMColorData done
Event: 0.651 Loading class sun/awt/image/BufferedImageDevice
Event: 0.651 Loading class sun/awt/image/BufferedImageDevice done
Event: 0.658 Loading class sun/font/SunFontManager$FamilyDescription
Event: 0.658 Loading class sun/font/SunFontManager$FamilyDescription done
Event: 0.659 Loading class sun/font/SunFontManager$4
Event: 0.659 Loading class sun/font/SunFontManager$4 done
Event: 0.664 Loading class java/awt/print/PrinterGraphics
Event: 0.664 Loading class java/awt/print/PrinterGraphics done
Event: 0.664 Loading class java/awt/PrintGraphics
Event: 0.664 Loading class java/awt/PrintGraphics done
Event: 0.664 Loading class sun/java2d/loops/FontInfo
Event: 0.664 Loading class sun/java2d/loops/FontInfo done

Classes unloaded (0 events):
No events

Classes redefined (0 events):
No events

Internal exceptions (13 events):
Event: 0.096 Thread 0x000001b595618200 Exception <a 'java/lang/ClassNotFoundException'{0x0000000091cfa1f8}: sun/awt/resources/spi/awtProvider> (0x0000000091cfa1f8) 
thrown [s\open\src\hotspot\share\classfile\systemDictionary.cpp, line 255]
Event: 0.119 Thread 0x000001b595618200 Exception <a 'java/io/FileNotFoundException'{0x0000000091b53a50}> (0x0000000091b53a50) 
thrown [s\open\src\hotspot\share\prims\jni.cpp, line 517]
Event: 0.124 Thread 0x000001b595618200 Exception <a 'java/io/FileNotFoundException'{0x0000000091b801a8}> (0x0000000091b801a8) 
thrown [s\open\src\hotspot\share\prims\jni.cpp, line 517]
Event: 0.161 Thread 0x000001b595618200 Exception <a 'java/lang/NoSuchMethodError'{0x0000000091bca068}: 'java.lang.Object java.lang.invoke.DirectMethodHandle$Holder.invokeStaticInit(java.lang.Object)'> (0x0000000091bca068) 
thrown [s\open\src\hotspot\share\interpreter\linkResolver.cpp, line 774]
Event: 0.250 Thread 0x000001b595618200 Exception <a 'java/lang/NoSuchMethodError'{0x0000000091aaa030}: 'void java.lang.invoke.DirectMethodHandle$Holder.invokeSpecial(java.lang.Object, java.lang.Object, java.lang.Object)'> (0x0000000091aaa030) 
thrown [s\open\src\hotspot\share\interpreter\linkResolver.cpp, line 774]
Event: 0.258 Thread 0x000001b595618200 Exception <a 'java/lang/NoSuchMethodError'{0x0000000091ad4b40}: 'java.lang.Object java.lang.invoke.DirectMethodHandle$Holder.newInvokeSpecial(java.lang.Object, java.lang.Object, java.lang.Object, java.lang.Object, java.lang.Object)'> (0x0000000091ad4b40) 
thrown [s\open\src\hotspot\share\interpreter\linkResolver.cpp, line 774]
Event: 0.263 Thread 0x000001b595618200 Exception <a 'java/lang/NoSuchMethodError'{0x000000009191a280}: 'java.lang.Object java.lang.invoke.DirectMethodHandle$Holder.invokeStatic(java.lang.Object, int, java.lang.Object)'> (0x000000009191a280) 
thrown [s\open\src\hotspot\share\interpreter\linkResolver.cpp, line 774]
Event: 0.289 Thread 0x000001b595618200 Exception <a 'java/lang/ClassNotFoundException'{0x00000000919d5b78}: com/sun/swing/internal/plaf/metal/resources/spi/metalProvider> (0x00000000919d5b78) 
thrown [s\open\src\hotspot\share\classfile\systemDictionary.cpp, line 255]
Event: 0.289 Thread 0x000001b595618200 Exception <a 'java/lang/ClassNotFoundException'{0x00000000919d9b48}: com/sun/swing/internal/plaf/basic/resources/spi/basicProvider> (0x00000000919d9b48) 
thrown [s\open\src\hotspot\share\classfile\systemDictionary.cpp, line 255]
Event: 0.296 Thread 0x000001b595618200 Exception <a 'java/lang/NoSuchMethodError'{0x00000000919fa050}: 'int java.lang.invoke.Invokers$Holder.invokeExact_MT(java.lang.Object, java.lang.Object)'> (0x00000000919fa050) 
thrown [s\open\src\hotspot\share\interpreter\linkResolver.cpp, line 774]
Event: 0.539 Thread 0x000001b5b3cfc9c0 Exception <a 'java/lang/NoSuchMethodError'{0x000000009148a338}: 'java.lang.Object java.lang.invoke.DirectMethodHandle$Holder.newInvokeSpecial(java.lang.Object, java.lang.Object, java.lang.Object, int, int, int, int, int)'> (0x000000009148a338) 
thrown [s\open\src\hotspot\share\interpreter\linkResolver.cpp, line 774]
Event: 0.573 Thread 0x000001b5b3cfe450 Exception <a 'java/lang/NoSuchMethodError'{0x0000000091a0fb00}: 'void java.lang.invoke.DirectMethodHandle$Holder.invokeVirtual(java.lang.Object, java.lang.Object)'> (0x0000000091a0fb00) 
thrown [s\open\src\hotspot\share\interpreter\linkResolver.cpp, line 774]
Event: 0.588 Thread 0x000001b595618200 Exception <a 'java/lang/NoSuchMethodError'{0x000000009145f350}: 'void java.lang.invoke.DirectMethodHandle$Holder.invokeStaticInit(java.lang.Object)'> (0x000000009145f350) 
thrown [s\open\src\hotspot\share\interpreter\linkResolver.cpp, line 774]

VM Operations (16 events):
Event: 0.075 Executing VM operation: HandshakeAllThreads
Event: 0.075 Executing VM operation: HandshakeAllThreads done
Event: 0.133 Executing VM operation: HandshakeAllThreads
Event: 0.133 Executing VM operation: HandshakeAllThreads done
Event: 0.313 Executing VM operation: HandshakeAllThreads
Event: 0.313 Executing VM operation: HandshakeAllThreads done
Event: 0.354 Executing VM operation: HandshakeAllThreads
Event: 0.354 Executing VM operation: HandshakeAllThreads done
Event: 0.440 Executing VM operation: HandshakeAllThreads
Event: 0.440 Executing VM operation: HandshakeAllThreads done
Event: 0.550 Executing VM operation: ICBufferFull
Event: 0.550 Executing VM operation: ICBufferFull done
Event: 0.561 Executing VM operation: HandshakeAllThreads
Event: 0.561 Executing VM operation: HandshakeAllThreads done
Event: 0.651 Executing VM operation: HandshakeAllThreads
Event: 0.651 Executing VM operation: HandshakeAllThreads done

Events (20 events):
Event: 0.019 Thread 0x000001b595618200 Thread added: 0x000001b595618200
Event: 0.032 Thread 0x000001b5b3cf2fc0 Thread added: 0x000001b5b3cf2fc0
Event: 0.032 Thread 0x000001b5b3cf5900 Thread added: 0x000001b5b3cf5900
Event: 0.033 Thread 0x000001b5b3cf8320 Thread added: 0x000001b5b3cf8320
Event: 0.033 Thread 0x000001b5b3cfd9b0 Thread added: 0x000001b5b3cfd9b0
Event: 0.033 Thread 0x000001b5b3cfaf30 Thread added: 0x000001b5b3cfaf30
Event: 0.033 Thread 0x000001b5b3cfbf20 Thread added: 0x000001b5b3cfbf20
Event: 0.033 Thread 0x000001b5b3d02f40 Thread added: 0x000001b5b3d02f40
Event: 0.033 Thread 0x000001b5b3d15730 Thread added: 0x000001b5b3d15730
Event: 0.033 Thread 0x000001b5b3cfd460 Thread added: 0x000001b5b3cfd460
Event: 0.051 Thread 0x000001b5b3cfb480 Thread added: 0x000001b5b3cfb480
Event: 0.054 Thread 0x000001b5b3cfdf00 Thread added: 0x000001b5b3cfdf00
Event: 0.162 Thread 0x000001b5b3cfb9d0 Thread added: 0x000001b5b3cfb9d0
Event: 0.163 Thread 0x000001b5b3cfc470 Thread added: 0x000001b5b3cfc470
Event: 0.165 Thread 0x000001b5b3cfe450 Thread added: 0x000001b5b3cfe450
Event: 0.378 Thread 0x000001b5b89357e0 Thread added: 0x000001b5b89357e0
Event: 0.438 Thread 0x000001b5b3cfcf10 Thread added: 0x000001b5b3cfcf10
Event: 0.535 Thread 0x000001b5b3cfc9c0 Thread added: 0x000001b5b3cfc9c0
Event: 0.636 Thread 0x000001b595618200 Thread exited: 0x000001b595618200
Event: 0.636 Thread 0x000001b5b8decf60 Thread added: 0x000001b5b8decf60


Dynamic libraries:
0x00007ff6f1e60000 - 0x00007ff6f1e70000 	C:\Program Files\Java\jdk-19\bin\java.exe
0x00007ff974dd0000 - 0x00007ff974fe4000 	C:\WINDOWS\SYSTEM32\ntdll.dll
0x00007ff974220000 - 0x00007ff9742e3000 	C:\WINDOWS\System32\KERNEL32.DLL
0x00007ff9721f0000 - 0x00007ff97258d000 	C:\WINDOWS\System32\KERNELBASE.dll
0x00007ff972760000 - 0x00007ff972871000 	C:\WINDOWS\System32\ucrtbase.dll
0x00007ff9581e0000 - 0x00007ff9581f8000 	C:\Program Files\Java\jdk-19\bin\jli.dll
0x00007ff95c8b0000 - 0x00007ff95c8cb000 	C:\Program Files\Java\jdk-19\bin\VCRUNTIME140.dll
0x00007ff973ef0000 - 0x00007ff973f9e000 	C:\WINDOWS\System32\ADVAPI32.dll
0x00007ff9748b0000 - 0x00007ff974957000 	C:\WINDOWS\System32\msvcrt.dll
0x00007ff974ce0000 - 0x00007ff974d84000 	C:\WINDOWS\System32\sechost.dll
0x00007ff974410000 - 0x00007ff974525000 	C:\WINDOWS\System32\RPCRT4.dll
0x00007ff973fa0000 - 0x00007ff97414d000 	C:\WINDOWS\System32\USER32.dll
0x00007ff9729f0000 - 0x00007ff972a16000 	C:\WINDOWS\System32\win32u.dll
0x00007ff95da90000 - 0x00007ff95dd1e000 	C:\WINDOWS\WinSxS\amd64_microsoft.windows.common-controls_6595b64144ccf1df_6.0.22621.608_none_a9444ca7c10bb01d\COMCTL32.dll
0x00007ff974780000 - 0x00007ff9747a9000 	C:\WINDOWS\System32\GDI32.dll
0x00007ff972aa0000 - 0x00007ff972bb2000 	C:\WINDOWS\System32\gdi32full.dll
0x00007ff972600000 - 0x00007ff97269a000 	C:\WINDOWS\System32\msvcp_win.dll
0x00007ff968f40000 - 0x00007ff968f4a000 	C:\WINDOWS\SYSTEM32\VERSION.dll
0x00007ff974530000 - 0x00007ff974562000 	C:\WINDOWS\System32\IMM32.DLL
0x00007ff966420000 - 0x00007ff96642c000 	C:\Program Files\Java\jdk-19\bin\vcruntime140_1.dll
0x00007ff939bc0000 - 0x00007ff939c4e000 	C:\Program Files\Java\jdk-19\bin\msvcp140.dll
0x00007ff90ef90000 - 0x00007ff90fc50000 	C:\Program Files\Java\jdk-19\bin\server\jvm.dll
0x00007ff96ce20000 - 0x00007ff96ce29000 	C:\WINDOWS\SYSTEM32\WSOCK32.dll
0x00007ff96a110000 - 0x00007ff96a144000 	C:\WINDOWS\SYSTEM32\WINMM.dll
0x00007ff973e70000 - 0x00007ff973ee1000 	C:\WINDOWS\System32\WS2_32.dll
0x00007ff971250000 - 0x00007ff971268000 	C:\WINDOWS\SYSTEM32\kernel.appcore.dll
0x00007ff961c60000 - 0x00007ff961c6a000 	C:\Program Files\Java\jdk-19\bin\jimage.dll
0x00007ff968250000 - 0x00007ff96847e000 	C:\WINDOWS\SYSTEM32\DBGHELP.DLL
0x00007ff972be0000 - 0x00007ff972f6a000 	C:\WINDOWS\System32\combase.dll
0x00007ff973120000 - 0x00007ff9731f7000 	C:\WINDOWS\System32\OLEAUT32.dll
0x00007ff9525b0000 - 0x00007ff9525e2000 	C:\WINDOWS\SYSTEM32\dbgcore.DLL
0x00007ff972a20000 - 0x00007ff972a9b000 	C:\WINDOWS\System32\bcryptPrimitives.dll
0x00007ff940030000 - 0x00007ff940056000 	C:\Program Files\Java\jdk-19\bin\java.dll
0x00007ff9375b0000 - 0x00007ff937687000 	C:\Program Files\Java\jdk-19\bin\jsvml.dll
0x00007ff973200000 - 0x00007ff9739ef000 	C:\WINDOWS\System32\SHELL32.dll
0x00007ff970220000 - 0x00007ff970ae8000 	C:\WINDOWS\SYSTEM32\windows.storage.dll
0x00007ff9700e0000 - 0x00007ff97021e000 	C:\WINDOWS\SYSTEM32\wintypes.dll
0x00007ff974be0000 - 0x00007ff974cd1000 	C:\WINDOWS\System32\SHCORE.dll
0x00007ff974840000 - 0x00007ff97489e000 	C:\WINDOWS\System32\shlwapi.dll
0x00007ff972120000 - 0x00007ff972141000 	C:\WINDOWS\SYSTEM32\profapi.dll
0x00007ff9512c0000 - 0x00007ff9512d3000 	C:\Program Files\Java\jdk-19\bin\net.dll
0x00007ff96b410000 - 0x00007ff96b53f000 	C:\WINDOWS\SYSTEM32\WINHTTP.dll
0x00007ff9716b0000 - 0x00007ff971719000 	C:\WINDOWS\system32\mswsock.dll
0x00007ff94a640000 - 0x00007ff94a656000 	C:\Program Files\Java\jdk-19\bin\nio.dll
0x00007ff957eb0000 - 0x00007ff957ec8000 	C:\Program Files\Java\jdk-19\bin\zip.dll
0x00007ff92e990000 - 0x00007ff92eb21000 	C:\Program Files\Java\jdk-19\bin\awt.dll
0x00007ff96f670000 - 0x00007ff96f707000 	C:\WINDOWS\SYSTEM32\apphelp.dll
0x00007ff96fa80000 - 0x00007ff96faab000 	C:\WINDOWS\system32\DWMAPI.DLL
0x00007ff96f820000 - 0x00007ff96f8cb000 	C:\WINDOWS\system32\uxtheme.dll
0x00007ff92cb50000 - 0x00007ff92cc50000 	C:\WINDOWS\system32\opengl32.dll
0x00007ff923050000 - 0x00007ff92307d000 	C:\WINDOWS\SYSTEM32\GLU32.dll
0x00007ff96f930000 - 0x00007ff96f966000 	C:\WINDOWS\SYSTEM32\dxcore.dll
0x00007ff9742f0000 - 0x00007ff97440e000 	C:\WINDOWS\System32\MSCTF.dll
0x00007ff974a40000 - 0x00007ff974bdc000 	C:\WINDOWS\System32\ole32.dll
0x00007ff9631f0000 - 0x00007ff963399000 	C:\WINDOWS\system32\d3d9.dll
0x00007ff967f00000 - 0x00007ff9680db000 	C:\Windows\System32\DriverStore\FileRepository\u0371182.inf_amd64_e046f8d87ec91fad\B371034\aticfx64.dll
0x00007ff961de0000 - 0x00007ff961e13000 	C:\Windows\System32\DriverStore\FileRepository\u0371182.inf_amd64_e046f8d87ec91fad\B371034\atiu9p64.dll
0x00007ff90b250000 - 0x00007ff90bf5c000 	C:\Windows\System32\DriverStore\FileRepository\u0371182.inf_amd64_e046f8d87ec91fad\B371034\atiumd64.dll
0x0000000076980000 - 0x000000007783e000 	C:\WINDOWS\System32\DriverStore\FileRepository\u0371182.inf_amd64_e046f8d87ec91fad\B371034\atiumd6a.dll
0x00007ff9720c0000 - 0x00007ff97210d000 	C:\WINDOWS\SYSTEM32\POWRPROF.dll
0x00007ff971aa0000 - 0x00007ff971ac8000 	C:\WINDOWS\SYSTEM32\bcrypt.dll
0x00007ff971ff0000 - 0x00007ff972003000 	C:\WINDOWS\SYSTEM32\UMPDC.dll
0x00007ff967d30000 - 0x00007ff967d5f000 	C:\WINDOWS\SYSTEM32\amdihk64.dll
0x00007ff96c700000 - 0x00007ff96c749000 	C:\WINDOWS\SYSTEM32\directxdatabasehelper.dll
0x00007ff96d8f0000 - 0x00007ff96d900000 	C:\Program Files\Java\jdk-19\bin\verify.dll
0x00007ff937520000 - 0x00007ff9375a6000 	C:\Program Files\Java\jdk-19\bin\freetype.dll
0x00007ff9372f0000 - 0x00007ff937399000 	C:\Program Files\Java\jdk-19\bin\fontmanager.dll
0x00007ff974160000 - 0x00007ff974217000 	C:\WINDOWS\System32\clbcatq.dll
0x00007ff96dfa0000 - 0x00007ff96e150000 	C:\WINDOWS\SYSTEM32\WindowsCodecs.dll
0x00007ff9568e0000 - 0x00007ff956a0d000 	C:\WINDOWS\SYSTEM32\textinputframework.dll

dbghelp: loaded successfully - version: 4.0.5 - missing functions: none
symbol engine: initialized successfully - sym options: 0x614 - pdb path: .;C:\Program Files\Java\jdk-19\bin;C:\WINDOWS\SYSTEM32;C:\WINDOWS\WinSxS\amd64_microsoft.windows.common-controls_6595b64144ccf1df_6.0.22621.608_none_a9444ca7c10bb01d;C:\Program Files\Java\jdk-19\bin\server;C:\Windows\System32\DriverStore\FileRepository\u0371182.inf_amd64_e046f8d87ec91fad\B371034

VM Arguments:
jvm_args: --enable-preview -XX:+ShowCodeDetailsInExceptionMessages 
java_command: addstudent
java_class_path (initial): C:\Users\acer\OneDrive\Desktop\VSCode\TIET.management\TIETManagement\bin;c:\Users\acer\OneDrive\Desktop\VSCode\TIET.management\TIETManagement\lib\mysql-connector-java-8.0.30.jar;c:\Program Files\Java\jcalendar-1.4.jar
Launcher Type: SUN_STANDARD

[Global flags]
     intx CICompilerCount                          = 4                                         {product} {ergonomic}
     uint ConcGCThreads                            = 3                                         {product} {ergonomic}
     uint G1ConcRefinementThreads                  = 10                                        {product} {ergonomic}
   size_t G1HeapRegionSize                         = 1048576                                   {product} {ergonomic}
    uintx GCDrainStackTargetSize                   = 64                                        {product} {ergonomic}
   size_t InitialHeapSize                          = 123731968                                 {product} {ergonomic}
   size_t MarkStackSize                            = 4194304                                   {product} {ergonomic}
   size_t MaxHeapSize                              = 1971322880                                {product} {ergonomic}
   size_t MaxNewSize                               = 1182793728                                {product} {ergonomic}
   size_t MinHeapDeltaBytes                        = 1048576                                   {product} {ergonomic}
   size_t MinHeapSize                              = 8388608                                   {product} {ergonomic}
    uintx NonNMethodCodeHeapSize                   = 5839372                                {pd product} {ergonomic}
    uintx NonProfiledCodeHeapSize                  = 122909434                              {pd product} {ergonomic}
    uintx ProfiledCodeHeapSize                     = 122909434                              {pd product} {ergonomic}
    uintx ReservedCodeCacheSize                    = 251658240                              {pd product} {ergonomic}
     bool SegmentedCodeCache                       = true                                      {product} {ergonomic}
     bool ShowCodeDetailsInExceptionMessages       = true                                   {manageable} {command line}
   size_t SoftMaxHeapSize                          = 1971322880                             {manageable} {ergonomic}
     bool UseCompressedClassPointers               = true                           {product lp64_product} {ergonomic}
     bool UseCompressedOops                        = true                           {product lp64_product} {ergonomic}
     bool UseG1GC                                  = true                                      {product} {ergonomic}
     bool UseLargePagesIndividualAllocation        = false                                  {pd product} {ergonomic}

Logging:
Log output configuration:
 #0: stdout all=warning uptime,level,tags foldmultilines=false
 #1: stderr all=off uptime,level,tags foldmultilines=false

Environment Variables:
PATH=C:\Program Files\Common Files\Oracle\Java\javapath;C:\WINDOWS\system32;C:\WINDOWS;C:\WINDOWS\System32\Wbem;C:\WINDOWS\System32\WindowsPowerShell\v1.0\;C:\WINDOWS\System32\OpenSSH\;C:\msys64\mingw64\bin;C:\Program Files\Java\jdk-19\bin;C:\Program Files\dotnet\;C:\Program Files\NVIDIA Corporation\NVIDIA NvDLISR;C:\Program Files (x86)\NVIDIA Corporation\PhysX\Common;C:\Program Files\Cloudflare\Cloudflare WARP\;C:\Program Files\Git\cmd;C:\Program Files\MySQL\MySQL Shell 8.0\bin\;C:\Users\acer\AppData\Local\Programs\Python\Python37\Scripts\;C:\Users\acer\AppData\Local\Programs\Python\Python37\;C:\Users\acer\AppData\Local\Microsoft\WindowsApps;C:\Program Files\JetBrains\IntelliJ IDEA Community Edition 2022.1.3\bin;;C:\Users\acer\AppData\Local\Programs\Microsoft VS Code\bin;C:\Program Files\JetBrains\PyCharm Community Edition 2022.2.1\bin;
USERNAME=acer
LANG=en_US.UTF-8
OS=Windows_NT
PROCESSOR_IDENTIFIER=AMD64 Family 23 Model 104 Stepping 1, AuthenticAMD
TMP=C:\Users\acer\AppData\Local\Temp
TEMP=C:\Users\acer\AppData\Local\Temp



---------------  S Y S T E M  ---------------

OS:
 Windows 11 , 64 bit Build 22621 (10.0.22621.963)
OS uptime: 8 days 4:11 hours

CPU: total 12 (initial active 12) (12 cores per cpu, 2 threads per core) family 23 model 104 stepping 1 microcode 0x0, cx8, cmov, fxsr, ht, mmx, 3dnowpref, sse, sse2, sse3, ssse3, sse4a, sse4.1, sse4.2, popcnt, lzcnt, tsc, tscinvbit, avx, avx2, aes, clmul, bmi1, bmi2, adx, sha, fma, vzeroupper, clflush, clflushopt, rdtscp, rdpid

Memory: 4k page, system-wide physical 7514M (923M free)
TotalPageFile size 31066M (AvailPageFile size 2M)
current process WorkingSet (physical memory assigned to process): 82M, peak: 82M
current process commit charge ("private bytes"): 238M, peak: 242M

vm_info: Java HotSpot(TM) 64-Bit Server VM (19+36-2238) for windows-amd64 JRE (19+36-2238), built on 2022-08-12T20:29:01Z by "mach5one" with MS VC++ 17.1 (VS2022)

END.
